<?xml version="1.0" encoding="UTF-8"?>
<!-- Generated by org.testng.reporters.JUnitReportReporter -->
<testsuite hostname="Dusko-PC" failures="0" tests="2" name="test.GetUserTest" time="1.351" errors="0" timestamp="2024-02-07T15:18:34 CET" skipped="0">
  <testcase classname="test.GetUserTest" name="getLogedUserInfo" time="0.421"/>
  <testcase classname="test.GetUserTest" name="getCreatedUserInfo" time="0.930"/>
</testsuite> <!-- test.GetUserTest -->
