<?xml version="1.0" encoding="UTF-8"?>
<!-- Generated by org.testng.reporters.JUnitReportReporter -->
<testsuite hostname="Dusko-PC" failures="0" tests="6" name="test.Authorization_Tests" time="3.178" errors="0" timestamp="2024-02-06T14:57:06 CET" skipped="0">
  <testcase classname="test.Authorization_Tests" name="validUserAuthorization_Test" time="1.420"/>
  <testcase classname="test.Authorization_Tests" name="invalidUserCredentialsAuthorization_Test" time="0.360"/>
  <testcase classname="test.Authorization_Tests" name="invalidUsernameAuthorization_Test" time="0.311"/>
  <testcase classname="test.Authorization_Tests" name="invalidUserPasswordAuthorization_Test" time="0.426"/>
  <testcase classname="test.Authorization_Tests" name="emptyUserPasswordAuthorization_Test" time="0.355"/>
  <testcase classname="test.Authorization_Tests" name="emptyUsernameAuthorization_Test" time="0.306"/>
</testsuite> <!-- test.Authorization_Tests -->
