<?xml version="1.0" encoding="UTF-8"?>
<!-- Generated by org.testng.reporters.JUnitReportReporter -->
<testsuite hostname="Dusko-PC" failures="0" tests="2" name="test.GetUserTest" time="1.530" errors="0" timestamp="2024-02-06T14:57:06 CET" skipped="0">
  <testcase classname="test.GetUserTest" name="getLogedUserInfo" time="0.426"/>
  <testcase classname="test.GetUserTest" name="getCreatedUserInfo" time="1.104"/>
</testsuite> <!-- test.GetUserTest -->
