<?xml version="1.0" encoding="UTF-8"?>
<!-- Generated by org.testng.reporters.JUnitReportReporter -->
<testsuite hostname="Dusko-PC" failures="0" tests="5" name="test.GenerateTokenTest" time="2.081" errors="0" timestamp="2024-02-06T14:57:06 CET" skipped="0">
  <testcase classname="test.GenerateTokenTest" name="generateTokenInvalidCredentials" time="0.617"/>
  <testcase classname="test.GenerateTokenTest" name="generateTokenEmptyUserName" time="0.168"/>
  <testcase classname="test.GenerateTokenTest" name="generateTokenEmptyPassword" time="0.202"/>
  <testcase classname="test.GenerateTokenTest" name="generateTokenInvalidEndpoint" time="0.173"/>
  <testcase classname="test.GenerateTokenTest" name="generateTokenValidCredentials" time="0.921"/>
</testsuite> <!-- test.GenerateTokenTest -->
