<?xml version="1.0" encoding="UTF-8"?>
<!-- Generated by org.testng.reporters.JUnitReportReporter -->
<testsuite hostname="Dusko-PC" failures="0" tests="5" name="test.GenerateTokenTest" time="1.394" errors="0" timestamp="2024-02-07T15:18:34 CET" skipped="0">
  <testcase classname="test.GenerateTokenTest" name="generateTokenInvalidCredentials" time="0.450"/>
  <testcase classname="test.GenerateTokenTest" name="generateTokenInvalidEndpoint" time="0.149"/>
  <testcase classname="test.GenerateTokenTest" name="generateTokenEmptyPassword" time="0.143"/>
  <testcase classname="test.GenerateTokenTest" name="generateTokenEmptyUserName" time="0.146"/>
  <testcase classname="test.GenerateTokenTest" name="generateTokenValidCredentials" time="0.506"/>
</testsuite> <!-- test.GenerateTokenTest -->
