<?xml version="1.0" encoding="UTF-8"?>
<!-- Generated by org.testng.reporters.JUnitReportReporter -->
<testsuite hostname="Dusko-PC" failures="0" tests="3" name="test.CreateUserTest" time="0.697" errors="0" timestamp="2024-02-07T15:18:34 CET" skipped="0">
  <testcase classname="test.CreateUserTest" name="createNewUserValidTest" time="0.335"/>
  <testcase classname="test.CreateUserTest" name="userAlreadyExistingTest" time="0.222"/>
  <testcase classname="test.CreateUserTest" name="createNewUserEmptyUsernameTest" time="0.140"/>
</testsuite> <!-- test.CreateUserTest -->
