<?xml version="1.0" encoding="UTF-8"?>
<!-- Generated by org.testng.reporters.JUnitReportReporter -->
<testsuite hostname="Dusko-PC" failures="0" tests="1" name="test.GetBooksTest" time="0.757" errors="0" timestamp="2024-02-06T14:57:06 CET" skipped="0">
  <testcase classname="test.GetBooksTest" name="getBooksTest" time="0.757"/>
</testsuite> <!-- test.GetBooksTest -->
