<?xml version="1.0" encoding="UTF-8"?>
<!-- Generated by org.testng.reporters.JUnitReportReporter -->
<testsuite hostname="Dusko-PC" failures="0" tests="6" name="test.Authorization_Tests" time="3.222" errors="0" timestamp="2024-01-31T15:49:38 CET" skipped="0">
  <testcase classname="test.Authorization_Tests" name="validUserAuthorization_Test" time="2.020"/>
  <testcase classname="test.Authorization_Tests" name="invalidUserCredentialsAuthorization_Test" time="0.334"/>
  <testcase classname="test.Authorization_Tests" name="invalidUsernameAuthorization_Test" time="0.302"/>
  <testcase classname="test.Authorization_Tests" name="invalidUserPasswordAuthorization_Test" time="0.292"/>
  <testcase classname="test.Authorization_Tests" name="emptyUserPasswordAuthorization_Test" time="0.137"/>
  <testcase classname="test.Authorization_Tests" name="emptyUsernameAuthorization_Test" time="0.137"/>
</testsuite> <!-- test.Authorization_Tests -->
