<?xml version="1.0" encoding="UTF-8"?>
<!-- Generated by org.testng.reporters.JUnitReportReporter -->
<testsuite hostname="Dusko-PC" failures="0" tests="5" name="test.GenerateTokenTest" time="1.330" errors="0" timestamp="2024-01-31T15:34:00 CET" skipped="0">
  <testcase classname="test.GenerateTokenTest" name="generateTokenInvalidEndpoint" time="0.132"/>
  <testcase classname="test.GenerateTokenTest" name="generateTokenEmptyUserName" time="0.129"/>
  <testcase classname="test.GenerateTokenTest" name="generateTokenEmptyPassword" time="0.146"/>
  <testcase classname="test.GenerateTokenTest" name="generateTokenInvalidCredentials" time="0.461"/>
  <testcase classname="test.GenerateTokenTest" name="generateTokenValidCredentials" time="0.462"/>
</testsuite> <!-- test.GenerateTokenTest -->
