<?xml version="1.0" encoding="UTF-8"?>
<!-- Generated by org.testng.reporters.JUnitReportReporter -->
<testsuite hostname="Dusko-PC" failures="0" tests="1" name="util.EmailSender" time="11.408" errors="0" timestamp="2024-02-06T14:41:42 CET" skipped="0">
  <testcase classname="util.EmailSender" name="sendEmailReport" time="11.408"/>
</testsuite> <!-- util.EmailSender -->
