<?xml version="1.0" encoding="UTF-8"?>
<!-- Generated by org.testng.reporters.JUnitReportReporter -->
<testsuite hostname="Dusko-PC" failures="0" tests="1" name="test.GetBooksTest" time="0.829" errors="0" timestamp="2024-02-07T15:18:34 CET" skipped="0">
  <testcase classname="test.GetBooksTest" name="getBooksTest" time="0.829"/>
</testsuite> <!-- test.GetBooksTest -->
