<?xml version="1.0" encoding="UTF-8"?>
<!-- Generated by org.testng.reporters.JUnitReportReporter -->
<testsuite hostname="Dusko-PC" failures="0" tests="6" name="test.Authorization_Tests" time="3.296" errors="0" timestamp="2024-02-07T15:18:34 CET" skipped="0">
  <testcase classname="test.Authorization_Tests" name="validUserAuthorization_Test" time="2.023"/>
  <testcase classname="test.Authorization_Tests" name="invalidUserCredentialsAuthorization_Test" time="0.367"/>
  <testcase classname="test.Authorization_Tests" name="invalidUsernameAuthorization_Test" time="0.296"/>
  <testcase classname="test.Authorization_Tests" name="invalidUserPasswordAuthorization_Test" time="0.313"/>
  <testcase classname="test.Authorization_Tests" name="emptyUserPasswordAuthorization_Test" time="0.151"/>
  <testcase classname="test.Authorization_Tests" name="emptyUsernameAuthorization_Test" time="0.146"/>
</testsuite> <!-- test.Authorization_Tests -->
