<?xml version="1.0" encoding="UTF-8"?>
<!-- Generated by org.testng.reporters.JUnitReportReporter -->
<testsuite hostname="Dusko-PC" failures="0" tests="6" name="test.Authorization_Tests" time="2.925" errors="0" timestamp="2024-01-31T15:34:00 CET" skipped="0">
  <testcase classname="test.Authorization_Tests" name="validUserAuthorization_Test" time="1.722"/>
  <testcase classname="test.Authorization_Tests" name="invalidUserCredentialsAuthorization_Test" time="0.342"/>
  <testcase classname="test.Authorization_Tests" name="invalidUsernameAuthorization_Test" time="0.303"/>
  <testcase classname="test.Authorization_Tests" name="invalidUserPasswordAuthorization_Test" time="0.293"/>
  <testcase classname="test.Authorization_Tests" name="emptyUserPasswordAuthorization_Test" time="0.132"/>
  <testcase classname="test.Authorization_Tests" name="emptyUsernameAuthorization_Test" time="0.133"/>
</testsuite> <!-- test.Authorization_Tests -->
